=========================================
Node: a09r2n04
Time: 2026年 03月 31日 星期二 17:55:52 CST
=========================================
>>> Pre-training DCU Status (Checking RAM):

================================= System Management Interface ==================================
================================================================================================
HCU     Temp     AvgPwr     Perf     PwrCap     VRAM%      HCU%      Dec%      Enc%      Mode     
0       52.0C    96.0W      auto     1000.0W    0%         0.0%      0.0%      0.0%      Normal   
1       52.0C    104.0W     auto     1000.0W    0%         0.0%      0.0%      0.0%      Normal   
2       51.0C    94.0W      auto     1000.0W    0%         0.0%      0.0%      0.0%      Normal   
3       50.0C    94.0W      auto     1000.0W    0%         0.0%      0.0%      0.0%      Normal   
4       49.0C    96.0W      auto     1000.0W    0%         0.0%      0.0%      0.0%      Normal   
5       52.0C    100.0W     auto     1000.0W    0%         0.0%      0.0%      0.0%      Normal   
6       51.0C    101.0W     auto     1000.0W    0%         0.0%      0.0%      0.0%      Normal   
7       51.0C    99.0W      auto     1000.0W    0%         0.0%      0.0%      0.0%      Normal   
================================================================================================
======================================== End of SMI Log ========================================

-----------------------------------------
✅️✅️ Device Variables Are Set: gpu
/public/home/easyscience2024/.conda/envs/chem_py11_25043/lib/python3.11/site-packages/torchdata/datapipes/__init__.py:18: UserWarning: 
################################################################################
WARNING!
The 'datapipes', 'dataloader2' modules are deprecated and will be removed in a
future torchdata release! Please see https://github.com/pytorch/data/issues/1196
to learn more and leave feedback.
################################################################################

  deprecation_warning()
/public/home/easyscience2024/.conda/envs/chem_py11_25043/lib/python3.11/site-packages/dgl/graphbolt/base.py:81: FutureWarning: `torch.library.impl_abstract` was renamed to `torch.library.register_fake`. Please use that instead; we will remove `torch.library.impl_abstract` in a future version of PyTorch.
  @torch.library.impl_abstract("graphbolt::expand_indptr")
/public/home/easyscience2024/.conda/envs/chem_py11_25043/lib/python3.11/site-packages/e3nn/o3/_wigner.py:10: FutureWarning: You are using `torch.load` with `weights_only=False` (the current default value), which uses the default pickle module implicitly. It is possible to construct malicious pickle data which will execute arbitrary code during unpickling (See https://github.com/pytorch/pytorch/blob/main/SECURITY.md#untrusted-models for more details). In a future release, the default value for `weights_only` will be flipped to `True`. This limits the functions that could be executed during unpickling. Arbitrary objects will no longer be allowed to be loaded via this mode unless they are explicitly allowlisted by the user via `torch.serialization.add_safe_globals`. We recommend you start setting `weights_only=True` for any use case where you don't have full control of the loaded file. Please open an issue on GitHub for any issues related to this experimental feature.
  _Jd, _W3j_flat, _W3j_indices = torch.load(os.path.join(os.path.dirname(__file__), 'constants.pt'))
2026-03-31 17:56:07.389 INFO: ===========VERIFYING SETTINGS===========
2026-03-31 17:56:07.390 INFO: MACE version: 0.3.13
2026-03-31 17:56:07.391 INFO: CUDA version: None, CUDA device: 0
2026-03-31 17:56:07.510 INFO: ===========LOADING INPUT DATA===========
2026-03-31 17:56:07.510 INFO: Using heads: ['Default']
2026-03-31 17:56:07.510 INFO: Using the key specifications to parse data:
2026-03-31 17:56:07.510 INFO: Default: KeySpecification(info_keys={'energy': 'energy_xtb', 'stress': 'REF_stress', 'virials': 'REF_virials', 'dipole': 'dipole', 'head': 'head'}, arrays_keys={'forces': 'forces_xtb', 'charges': 'REF_charges'})
2026-03-31 17:56:07.510 INFO: =============    Processing head Default     ===========
2026-03-31 17:56:07.595 INFO: Using isolated atom energies from training file
2026-03-31 17:56:07.600 INFO: Training set 1/1 [energy: 200, stress: 0, virials: 0, dipole components: 0, head: 200, forces: 200, charges: 0]
2026-03-31 17:56:07.601 INFO: Total Training set [energy: 200, stress: 0, virials: 0, dipole components: 0, head: 200, forces: 200, charges: 0]
2026-03-31 17:56:07.602 INFO: No validation set provided, splitting training data instead.
2026-03-31 17:56:07.608 INFO: Using random 10% of training set for validation with indices saved in: ./mace01/valid_indices_123.txt
2026-03-31 17:56:07.609 INFO: Random Split Training set [energy: 180, stress: 0, virials: 0, dipole components: 0, head: 180, forces: 180, charges: 0]
2026-03-31 17:56:07.609 INFO: Random Split Validation set [energy: 20, stress: 0, virials: 0, dipole components: 0, head: 20, forces: 20, charges: 0]
2026-03-31 17:56:07.924 INFO: Test set 1/1 [energy: 1000, stress: 0, virials: 0, dipole components: 0, head: 1000, forces: 1000, charges: 0]
2026-03-31 17:56:07.930 INFO: Total Test set [energy: 1000, stress: 0, virials: 0, dipole components: 0, head: 1000, forces: 1000, charges: 0]
2026-03-31 17:56:07.930 INFO: Total number of configurations: train=180, valid=20, tests=[Default_Default: 1000],
2026-03-31 17:56:07.931 INFO: Atomic Numbers used: [1, 6, 8]
2026-03-31 17:56:07.931 INFO: Atomic Energies used (z: eV) for head Default: {1: -10.707211383396714, 6: -48.847445262804705, 8: -102.57117256025786}
2026-03-31 17:56:07.931 INFO: Processing datasets for head 'Default'
2026-03-31 17:56:07.931 INFO: Wraping training data into TextDataset for head 'Default'
[2026-03-31 17:56:07 - onescience.datapipes.TextDataset - INFO] TextDataset (L3) initialized with r_max=4.0
2026-03-31 17:56:07.932 INFO: TextDataset (L3) initialized with r_max=4.0
[2026-03-31 17:56:07 - onescience.datapipes.TextDataset - INFO] Initializing dataset from 180 in-memory configurations.
2026-03-31 17:56:07.932 INFO: Initializing dataset from 180 in-memory configurations.
2026-03-31 17:56:07.932 INFO: Combining 1 Dataset objects for head 'Default'
2026-03-31 17:56:07.944 INFO: Head 'Default' training dataset size: 180
2026-03-31 17:56:07.946 INFO: Computing average number of neighbors
2026-03-31 17:56:08.116 INFO: Average number of neighbors: 9.86205556634933
2026-03-31 17:56:08.116 INFO: During training the following quantities will be reported: energy, forces
2026-03-31 17:56:08.117 INFO: ===========MODEL DETAILS===========
2026-03-31 17:56:08.255 INFO: Building model
2026-03-31 17:56:08.255 INFO: Message passing with 128 channels and max_L=1 (128x0e + 128x1o)
2026-03-31 17:56:08.255 INFO: 2 layers, each with correlation order: 3 (body order: 4) and spherical harmonics up to: l=3
2026-03-31 17:56:08.255 INFO: 8 radial and 5 basis functions
2026-03-31 17:56:08.255 INFO: Radial cutoff: 4.0 A (total receptive field for each atom: 8.0 A)
2026-03-31 17:56:08.256 INFO: Distance transform for radial basis functions: None
2026-03-31 17:56:08.256 INFO: Hidden irreps: 128x0e + 128x1o
/public/home/easyscience2024/.conda/envs/chem_py11_25043/lib/python3.11/site-packages/torch/jit/_check.py:178: UserWarning: The TorchScript type system doesn't support instance-level annotations on empty non-base types in `__init__`. Instead, either 1) use a type annotation in the class body, or 2) wrap the type in `torch.jit.Attribute`.
  warnings.warn(
/public/home/easyscience2024/.conda/envs/chem_py11_25043/lib/python3.11/site-packages/torch/jit/_check.py:178: UserWarning: The TorchScript type system doesn't support instance-level annotations on empty non-base types in `__init__`. Instead, either 1) use a type annotation in the class body, or 2) wrap the type in `torch.jit.Attribute`.
  warnings.warn(
/public/home/easyscience2024/.conda/envs/chem_py11_25043/lib/python3.11/site-packages/torch/jit/_check.py:178: UserWarning: The TorchScript type system doesn't support instance-level annotations on empty non-base types in `__init__`. Instead, either 1) use a type annotation in the class body, or 2) wrap the type in `torch.jit.Attribute`.
  warnings.warn(
/public/home/easyscience2024/.conda/envs/chem_py11_25043/lib/python3.11/site-packages/torch/jit/_check.py:178: UserWarning: The TorchScript type system doesn't support instance-level annotations on empty non-base types in `__init__`. Instead, either 1) use a type annotation in the class body, or 2) wrap the type in `torch.jit.Attribute`.
  warnings.warn(
/public/home/easyscience2024/.conda/envs/chem_py11_25043/lib/python3.11/site-packages/torch/jit/_check.py:178: UserWarning: The TorchScript type system doesn't support instance-level annotations on empty non-base types in `__init__`. Instead, either 1) use a type annotation in the class body, or 2) wrap the type in `torch.jit.Attribute`.
  warnings.warn(
/public/home/easyscience2024/.conda/envs/chem_py11_25043/lib/python3.11/site-packages/torch/jit/_check.py:178: UserWarning: The TorchScript type system doesn't support instance-level annotations on empty non-base types in `__init__`. Instead, either 1) use a type annotation in the class body, or 2) wrap the type in `torch.jit.Attribute`.
  warnings.warn(
/public/home/easyscience2024/.conda/envs/chem_py11_25043/lib/python3.11/site-packages/torch/jit/_check.py:178: UserWarning: The TorchScript type system doesn't support instance-level annotations on empty non-base types in `__init__`. Instead, either 1) use a type annotation in the class body, or 2) wrap the type in `torch.jit.Attribute`.
  warnings.warn(
/public/home/easyscience2024/.conda/envs/chem_py11_25043/lib/python3.11/site-packages/torch/jit/_check.py:178: UserWarning: The TorchScript type system doesn't support instance-level annotations on empty non-base types in `__init__`. Instead, either 1) use a type annotation in the class body, or 2) wrap the type in `torch.jit.Attribute`.
  warnings.warn(
/public/home/easyscience2024/.conda/envs/chem_py11_25043/lib/python3.11/site-packages/torch/jit/_check.py:178: UserWarning: The TorchScript type system doesn't support instance-level annotations on empty non-base types in `__init__`. Instead, either 1) use a type annotation in the class body, or 2) wrap the type in `torch.jit.Attribute`.
  warnings.warn(
/public/home/easyscience2024/.conda/envs/chem_py11_25043/lib/python3.11/site-packages/torch/jit/_check.py:178: UserWarning: The TorchScript type system doesn't support instance-level annotations on empty non-base types in `__init__`. Instead, either 1) use a type annotation in the class body, or 2) wrap the type in `torch.jit.Attribute`.
  warnings.warn(
/public/home/easyscience2024/.conda/envs/chem_py11_25043/lib/python3.11/site-packages/torch/jit/_check.py:178: UserWarning: The TorchScript type system doesn't support instance-level annotations on empty non-base types in `__init__`. Instead, either 1) use a type annotation in the class body, or 2) wrap the type in `torch.jit.Attribute`.
  warnings.warn(
/public/home/easyscience2024/.conda/envs/chem_py11_25043/lib/python3.11/site-packages/torch/jit/_check.py:178: UserWarning: The TorchScript type system doesn't support instance-level annotations on empty non-base types in `__init__`. Instead, either 1) use a type annotation in the class body, or 2) wrap the type in `torch.jit.Attribute`.
  warnings.warn(
/public/home/easyscience2024/.conda/envs/chem_py11_25043/lib/python3.11/site-packages/torch/jit/_check.py:178: UserWarning: The TorchScript type system doesn't support instance-level annotations on empty non-base types in `__init__`. Instead, either 1) use a type annotation in the class body, or 2) wrap the type in `torch.jit.Attribute`.
  warnings.warn(
/public/home/easyscience2024/.conda/envs/chem_py11_25043/lib/python3.11/site-packages/torch/jit/_check.py:178: UserWarning: The TorchScript type system doesn't support instance-level annotations on empty non-base types in `__init__`. Instead, either 1) use a type annotation in the class body, or 2) wrap the type in `torch.jit.Attribute`.
  warnings.warn(
2026-03-31 17:56:10.402 INFO: Total number of parameters: 751888
2026-03-31 17:56:10.402 INFO: 
2026-03-31 17:56:10.402 INFO: ===========OPTIMIZER INFORMATION===========
2026-03-31 17:56:10.402 INFO: Using ADAM as parameter optimizer
2026-03-31 17:56:10.402 INFO: Batch size: 10
2026-03-31 17:56:10.402 INFO: Number of gradient updates: 180
2026-03-31 17:56:10.402 INFO: Learning rate: 0.01, weight decay: 5e-07
2026-03-31 17:56:10.402 INFO: WeightedEnergyForcesLoss(energy_weight=1.000, forces_weight=100.000)
2026-03-31 17:56:10.403 INFO: Stage Two (after 6 epochs) with loss function: WeightedEnergyForcesLoss(energy_weight=1000.000, forces_weight=100.000), with energy weight : 1000.0, forces weight : 100.0 and learning rate : 0.001
2026-03-31 17:56:10.499 INFO: Using gradient clipping with tolerance=10.000
2026-03-31 17:56:10.499 INFO: 
2026-03-31 17:56:10.499 INFO: ===========TRAINING===========
2026-03-31 17:56:10.500 INFO: Started training, reporting errors on validation set
2026-03-31 17:56:10.500 INFO: Loss metrics on validation set
2026-03-31 17:56:15.624 INFO: Initial: head: Default, loss=69.60641572, RMSE_E_per_atom= 6261.98 meV, RMSE_F= 2570.12 meV / A
Launch params (512, 1, 1) are larger than launch bounds (256) for kernel fused_mul_mul_mul please add __launch_bounds__ to kernel define or use --gpu-max-threads-per-block recompile program ! 
2026-03-31 17:57:12.757 INFO: Epoch 0: head: Default, loss=23.42606596, RMSE_E_per_atom= 5047.47 meV, RMSE_F= 1448.67 meV / A
2026-03-31 17:57:19.854 INFO: Epoch 1: head: Default, loss=11.22310279, RMSE_E_per_atom= 4483.89 meV, RMSE_F=  960.33 meV / A
2026-03-31 17:57:21.975 INFO: Epoch 2: head: Default, loss=6.23140840, RMSE_E_per_atom= 4064.65 meV, RMSE_F=  678.21 meV / A
2026-03-31 17:57:24.120 INFO: Epoch 3: head: Default, loss=4.03948356, RMSE_E_per_atom= 3335.45 meV, RMSE_F=  541.95 meV / A
2026-03-31 17:57:26.244 INFO: Epoch 4: head: Default, loss=4.13241746, RMSE_E_per_atom= 2965.98 meV, RMSE_F=  571.91 meV / A
2026-03-31 17:57:28.286 INFO: Epoch 5: head: Default, loss=3.28707797, RMSE_E_per_atom= 2435.63 meV, RMSE_F=  519.77 meV / A
2026-03-31 17:57:28.374 INFO: Changing loss based on Stage Two Weights
2026-03-31 17:57:30.386 INFO: Epoch 6: head: Default, loss=43.93367146, RMSE_E_per_atom=  331.93 meV, RMSE_F= 1815.62 meV / A
2026-03-31 17:57:32.516 INFO: Epoch 7: head: Default, loss=17.20877727, RMSE_E_per_atom=  312.21 meV, RMSE_F=  864.82 meV / A
2026-03-31 17:57:34.664 INFO: Epoch 8: head: Default, loss=5.77820076, RMSE_E_per_atom=  137.13 meV, RMSE_F=  625.16 meV / A
2026-03-31 17:57:36.778 INFO: Epoch 9: head: Default, loss=2.55371450, RMSE_E_per_atom=   37.76 meV, RMSE_F=  491.83 meV / A
2026-03-31 17:57:36.868 INFO: Training complete
2026-03-31 17:57:36.869 INFO: 
2026-03-31 17:57:36.869 INFO: ===========RESULTS===========
2026-03-31 17:57:37.332 INFO: Loading checkpoint: ./mace01/checkpoints/mace01_run-123_epoch-5.pt
/public/home/easyscience2024/xushl/onescience-dev/src/onescience/models/mace/tools/checkpoint.py:186: FutureWarning: You are using `torch.load` with `weights_only=False` (the current default value), which uses the default pickle module implicitly. It is possible to construct malicious pickle data which will execute arbitrary code during unpickling (See https://github.com/pytorch/pytorch/blob/main/SECURITY.md#untrusted-models for more details). In a future release, the default value for `weights_only` will be flipped to `True`. This limits the functions that could be executed during unpickling. Arbitrary objects will no longer be allowed to be loaded via this mode unless they are explicitly allowlisted by the user via `torch.serialization.add_safe_globals`. We recommend you start setting `weights_only=True` for any use case where you don't have full control of the loaded file. Please open an issue on GitHub for any issues related to this experimental feature.
  torch.load(f=checkpoint_info.path, map_location=device),
2026-03-31 17:57:37.375 INFO: Loaded Stage one model from epoch 5 for evaluation
2026-03-31 17:57:37.375 INFO: Saving model to mace01/checkpoints/mace01_run-123.model
2026-03-31 17:57:37.636 INFO: Compiling model, saving metadata to mace01/final_model/mace01_compiled.model
2026-03-31 17:57:38.468 INFO: Computing metrics for training, validation, and test sets
2026-03-31 17:57:38.469 INFO: Skipping evaluation for heads: ['pt_head']
2026-03-31 17:57:38.469 INFO: Evaluating train_Default ...
2026-03-31 17:57:39.319 INFO: Evaluating valid_Default ...
2026-03-31 17:57:39.429 INFO: Error-table on TRAIN and VALID:
+---------------+---------------------+------------------+-------------------+
|  config_type  | RMSE E / meV / atom | RMSE F / meV / A | relative F RMSE % |
+---------------+---------------------+------------------+-------------------+
| train_Default |         2339.1      |        475.3     |         21.83     |
| valid_Default |         2435.6      |        519.8     |         20.10     |
+---------------+---------------------+------------------+-------------------+
2026-03-31 17:57:39.429 INFO: Evaluating Default_Default ...
2026-03-31 17:57:43.827 INFO: Error-table on TEST:
+-----------------+---------------------+------------------+-------------------+
|   config_type   | RMSE E / meV / atom | RMSE F / meV / A | relative F RMSE % |
+-----------------+---------------------+------------------+-------------------+
| Default_Default |         2372.7      |        492.9     |         21.52     |
+-----------------+---------------------+------------------+-------------------+
2026-03-31 17:57:51.500 INFO: Loading checkpoint: ./mace01/checkpoints/mace01_run-123_epoch-9_swa.pt
/public/home/easyscience2024/xushl/onescience-dev/src/onescience/models/mace/tools/checkpoint.py:186: FutureWarning: You are using `torch.load` with `weights_only=False` (the current default value), which uses the default pickle module implicitly. It is possible to construct malicious pickle data which will execute arbitrary code during unpickling (See https://github.com/pytorch/pytorch/blob/main/SECURITY.md#untrusted-models for more details). In a future release, the default value for `weights_only` will be flipped to `True`. This limits the functions that could be executed during unpickling. Arbitrary objects will no longer be allowed to be loaded via this mode unless they are explicitly allowlisted by the user via `torch.serialization.add_safe_globals`. We recommend you start setting `weights_only=True` for any use case where you don't have full control of the loaded file. Please open an issue on GitHub for any issues related to this experimental feature.
  torch.load(f=checkpoint_info.path, map_location=device),
2026-03-31 17:57:51.540 INFO: Loaded Stage two model from epoch 9 for evaluation
2026-03-31 17:57:51.541 INFO: Saving model to mace01/checkpoints/mace01_run-123_stagetwo.model
2026-03-31 17:57:51.799 INFO: Compiling model, saving metadata mace01/final_model/mace01_stagetwo_compiled.model
/public/home/easyscience2024/.conda/envs/chem_py11_25043/lib/python3.11/site-packages/torch/jit/_check.py:178: UserWarning: The TorchScript type system doesn't support instance-level annotations on empty non-base types in `__init__`. Instead, either 1) use a type annotation in the class body, or 2) wrap the type in `torch.jit.Attribute`.
  warnings.warn(
2026-03-31 17:57:52.587 INFO: Computing metrics for training, validation, and test sets
2026-03-31 17:57:52.588 INFO: Skipping evaluation for heads: ['pt_head']
2026-03-31 17:57:52.588 INFO: Evaluating train_Default ...
2026-03-31 17:57:53.422 INFO: Evaluating valid_Default ...
2026-03-31 17:57:53.521 INFO: Error-table on TRAIN and VALID:
+---------------+---------------------+------------------+-------------------+
|  config_type  | RMSE E / meV / atom | RMSE F / meV / A | relative F RMSE % |
+---------------+---------------------+------------------+-------------------+
| train_Default |           34.5      |        494.1     |         22.69     |
| valid_Default |           37.8      |        491.8     |         19.02     |
+---------------+---------------------+------------------+-------------------+
2026-03-31 17:57:53.522 INFO: Evaluating Default_Default ...
2026-03-31 17:57:57.930 INFO: Error-table on TEST:
+-----------------+---------------------+------------------+-------------------+
|   config_type   | RMSE E / meV / atom | RMSE F / meV / A | relative F RMSE % |
+-----------------+---------------------+------------------+-------------------+
| Default_Default |           35.3      |        509.8     |         22.26     |
+-----------------+---------------------+------------------+-------------------+
2026-03-31 17:58:05.973 INFO: Done
