2026-03-25 11:25:04.483 INFO: ===========VERIFYING SETTINGS===========
2026-03-25 11:25:04.483 INFO: MACE version: 0.3.13
2026-03-25 11:25:04.484 INFO: CUDA version: None, CUDA device: 0
2026-03-25 11:25:04.593 INFO: ===========LOADING INPUT DATA===========
2026-03-25 11:25:04.593 INFO: Using heads: ['Default']
2026-03-25 11:25:04.593 INFO: Using the key specifications to parse data:
2026-03-25 11:25:04.593 INFO: Default: KeySpecification(info_keys={'energy': 'energy_xtb', 'stress': 'REF_stress', 'virials': 'REF_virials', 'dipole': 'dipole', 'head': 'head'}, arrays_keys={'forces': 'forces_xtb', 'charges': 'REF_charges'})
2026-03-25 11:25:04.593 INFO: =============    Processing head Default     ===========
2026-03-25 11:25:04.671 INFO: Using isolated atom energies from training file
2026-03-25 11:25:04.677 INFO: Training set 1/1 [energy: 200, stress: 0, virials: 0, dipole components: 0, head: 200, forces: 200, charges: 0]
2026-03-25 11:25:04.678 INFO: Total Training set [energy: 200, stress: 0, virials: 0, dipole components: 0, head: 200, forces: 200, charges: 0]
2026-03-25 11:25:04.678 INFO: No validation set provided, splitting training data instead.
2026-03-25 11:25:04.683 INFO: Using random 10% of training set for validation with indices saved in: ./mace01/valid_indices_123.txt
2026-03-25 11:25:04.684 INFO: Random Split Training set [energy: 180, stress: 0, virials: 0, dipole components: 0, head: 180, forces: 180, charges: 0]
2026-03-25 11:25:04.684 INFO: Random Split Validation set [energy: 20, stress: 0, virials: 0, dipole components: 0, head: 20, forces: 20, charges: 0]
2026-03-25 11:25:04.996 INFO: Test set 1/1 [energy: 1000, stress: 0, virials: 0, dipole components: 0, head: 1000, forces: 1000, charges: 0]
2026-03-25 11:25:05.002 INFO: Total Test set [energy: 1000, stress: 0, virials: 0, dipole components: 0, head: 1000, forces: 1000, charges: 0]
2026-03-25 11:25:05.002 INFO: Total number of configurations: train=180, valid=20, tests=[Default_Default: 1000],
2026-03-25 11:25:05.003 INFO: Atomic Numbers used: [1, 6, 8]
2026-03-25 11:25:05.003 INFO: Atomic Energies used (z: eV) for head Default: {1: -10.707211383396714, 6: -48.847445262804705, 8: -102.57117256025786}
2026-03-25 11:25:05.003 INFO: Processing datasets for head 'Default'
2026-03-25 11:25:05.003 INFO: Wraping training data into TextDataset for head 'Default'
2026-03-25 11:25:05.004 INFO: TextDataset (L3) initialized with r_max=4.0
2026-03-25 11:25:05.004 INFO: Initializing dataset from 180 in-memory configurations.
2026-03-25 11:25:05.004 INFO: Combining 1 Dataset objects for head 'Default'
2026-03-25 11:25:05.015 INFO: Head 'Default' training dataset size: 180
2026-03-25 11:25:05.016 INFO: Computing average number of neighbors
2026-03-25 11:25:05.192 INFO: Average number of neighbors: 9.86205556634933
2026-03-25 11:25:05.193 INFO: During training the following quantities will be reported: energy, forces
2026-03-25 11:25:05.193 INFO: ===========MODEL DETAILS===========
2026-03-25 11:25:05.327 INFO: Building model
2026-03-25 11:25:05.327 INFO: Message passing with 128 channels and max_L=1 (128x0e + 128x1o)
2026-03-25 11:25:05.327 INFO: 2 layers, each with correlation order: 3 (body order: 4) and spherical harmonics up to: l=3
2026-03-25 11:25:05.327 INFO: 8 radial and 5 basis functions
2026-03-25 11:25:05.327 INFO: Radial cutoff: 4.0 A (total receptive field for each atom: 8.0 A)
2026-03-25 11:25:05.327 INFO: Distance transform for radial basis functions: None
2026-03-25 11:25:05.327 INFO: Hidden irreps: 128x0e + 128x1o
2026-03-25 11:25:07.239 INFO: Total number of parameters: 751888
2026-03-25 11:25:07.239 INFO: 
2026-03-25 11:25:07.239 INFO: ===========OPTIMIZER INFORMATION===========
2026-03-25 11:25:07.239 INFO: Using ADAM as parameter optimizer
2026-03-25 11:25:07.239 INFO: Batch size: 10
2026-03-25 11:25:07.239 INFO: Number of gradient updates: 180
2026-03-25 11:25:07.239 INFO: Learning rate: 0.01, weight decay: 5e-07
2026-03-25 11:25:07.239 INFO: WeightedEnergyForcesLoss(energy_weight=1.000, forces_weight=100.000)
2026-03-25 11:25:07.240 INFO: Stage Two (after 6 epochs) with loss function: WeightedEnergyForcesLoss(energy_weight=1000.000, forces_weight=100.000), with energy weight : 1000.0, forces weight : 100.0 and learning rate : 0.001
2026-03-25 11:25:07.335 INFO: Using gradient clipping with tolerance=10.000
2026-03-25 11:25:07.335 INFO: 
2026-03-25 11:25:07.335 INFO: ===========TRAINING===========
2026-03-25 11:25:07.335 INFO: Started training, reporting errors on validation set
2026-03-25 11:25:07.335 INFO: Loss metrics on validation set
2026-03-25 11:25:11.627 INFO: Initial: head: Default, loss=69.60641572, RMSE_E_per_atom= 6261.98 meV, RMSE_F= 2570.12 meV / A
2026-03-25 11:26:08.270 INFO: Epoch 0: head: Default, loss=23.42606596, RMSE_E_per_atom= 5047.47 meV, RMSE_F= 1448.67 meV / A
2026-03-25 11:26:15.383 INFO: Epoch 1: head: Default, loss=11.22310279, RMSE_E_per_atom= 4483.89 meV, RMSE_F=  960.33 meV / A
2026-03-25 11:26:17.497 INFO: Epoch 2: head: Default, loss=6.23140840, RMSE_E_per_atom= 4064.65 meV, RMSE_F=  678.21 meV / A
2026-03-25 11:26:19.613 INFO: Epoch 3: head: Default, loss=4.03948356, RMSE_E_per_atom= 3335.45 meV, RMSE_F=  541.95 meV / A
2026-03-25 11:26:21.724 INFO: Epoch 4: head: Default, loss=4.13241746, RMSE_E_per_atom= 2965.98 meV, RMSE_F=  571.91 meV / A
2026-03-25 11:26:23.761 INFO: Epoch 5: head: Default, loss=3.28707797, RMSE_E_per_atom= 2435.63 meV, RMSE_F=  519.77 meV / A
2026-03-25 11:26:23.851 INFO: Changing loss based on Stage Two Weights
2026-03-25 11:26:25.861 INFO: Epoch 6: head: Default, loss=43.93367147, RMSE_E_per_atom=  331.93 meV, RMSE_F= 1815.62 meV / A
2026-03-25 11:26:27.963 INFO: Epoch 7: head: Default, loss=17.20877727, RMSE_E_per_atom=  312.21 meV, RMSE_F=  864.82 meV / A
2026-03-25 11:26:30.082 INFO: Epoch 8: head: Default, loss=5.77820076, RMSE_E_per_atom=  137.13 meV, RMSE_F=  625.16 meV / A
2026-03-25 11:26:32.192 INFO: Epoch 9: head: Default, loss=2.55371450, RMSE_E_per_atom=   37.76 meV, RMSE_F=  491.83 meV / A
2026-03-25 11:26:32.284 INFO: Training complete
2026-03-25 11:26:32.284 INFO: 
2026-03-25 11:26:32.284 INFO: ===========RESULTS===========
2026-03-25 11:26:32.744 INFO: Loading checkpoint: ./mace01/checkpoints/mace01_run-123_epoch-5.pt
2026-03-25 11:26:32.787 INFO: Loaded Stage one model from epoch 5 for evaluation
2026-03-25 11:26:32.787 INFO: Saving model to mace01/checkpoints/mace01_run-123.model
2026-03-25 11:26:33.044 INFO: Compiling model, saving metadata to mace01/final_model/mace01_compiled.model
2026-03-25 11:26:33.869 INFO: Computing metrics for training, validation, and test sets
2026-03-25 11:26:33.870 INFO: Skipping evaluation for heads: ['pt_head']
2026-03-25 11:26:33.870 INFO: Evaluating train_Default ...
2026-03-25 11:26:34.705 INFO: Evaluating valid_Default ...
2026-03-25 11:26:34.814 INFO: Error-table on TRAIN and VALID:
+---------------+---------------------+------------------+-------------------+
|  config_type  | RMSE E / meV / atom | RMSE F / meV / A | relative F RMSE % |
+---------------+---------------------+------------------+-------------------+
| train_Default |         2339.1      |        475.3     |         21.83     |
| valid_Default |         2435.6      |        519.8     |         20.10     |
+---------------+---------------------+------------------+-------------------+
2026-03-25 11:26:34.815 INFO: Evaluating Default_Default ...
